<?xml version="1.0" encoding="UTF-8"?>
<!-- Generated by org.testng.reporters.JUnitReportReporter -->
<testsuite hostname="TYSS-Ronald-Fredrick" failures="0" tests="1" name="testCases.LoginWithValidAndInvalidCredentials" time="0.000" errors="0" timestamp="16 Jun 2022 12:20:28 GMT" skipped="1">
  <testcase classname="testCases.LoginWithValidAndInvalidCredentials" name="loginWithValidAndInvalidCredentials" time="0.000">
    <skipped/>
  </testcase> <!-- loginWithValidAndInvalidCredentials -->
</testsuite> <!-- testCases.LoginWithValidAndInvalidCredentials -->
